# JRE version: Java(TM) SE Runtime Environment (17.0.6+9) (build 17.0.6+9-LTS-190)
# Java VM: Java HotSpot(TM) 64-Bit Server VM (17.0.6+9-LTS-190, mixed mode, sharing, tiered, compressed oops, compressed class ptrs, g1 gc, windows-amd64)
GC Precious Log:
 CPUs: 8 total, 8 available
 Memory: 24450M
 Large Page Support: Disabled
 NUMA Support: Disabled
 Compressed Oops: Enabled (32-bit)
 Heap Region Size: 1M
 Heap Min Capacity: 8M
 Heap Initial Capacity: 384M
 Heap Max Capacity: 1G
 Pre-touch: Disabled
 Parallel Workers: 8
 Concurrent Workers: 2
 Concurrent Refinement Workers: 8
 Periodic GC: Disabled
 String Deduplication is enabled
Heap:
 garbage-first heap   total 393216K, used 235189K [0x00000000c0000000, 0x0000000100000000)
  region size 1024K, 182 young (186368K), 10 survivors (10240K)
 Metaspace       used 15946K, committed 16512K, reserved 1064960K
  class space    used 1623K, committed 1856K, reserved 1048576K
GC Heap History (6 events):
Event: 2.465 GC heap before
{Heap before GC invocations=0 (full 0):
 garbage-first heap   total 393216K, used 22528K [0x00000000c0000000, 0x0000000100000000)
  region size 1024K, 23 young (23552K), 0 survivors (0K)
 Metaspace       used 6595K, committed 6720K, reserved 1056768K
  class space    used 636K, committed 704K, reserved 1048576K
}
Event: 2.513 GC heap after
{Heap after GC invocations=1 (full 0):
 garbage-first heap   total 393216K, used 4369K [0x00000000c0000000, 0x0000000100000000)
  region size 1024K, 3 young (3072K), 3 survivors (3072K)
 Metaspace       used 6595K, committed 6720K, reserved 1056768K
  class space    used 636K, committed 704K, reserved 1048576K
}
Event: 10.308 GC heap before
{Heap before GC invocations=1 (full 0):
 garbage-first heap   total 393216K, used 32017K [0x00000000c0000000, 0x0000000100000000)
  region size 1024K, 31 young (31744K), 3 survivors (3072K)
 Metaspace       used 15832K, committed 16448K, reserved 1064960K
  class space    used 1615K, committed 1856K, reserved 1048576K
}
Event: 10.315 GC heap after
{Heap after GC invocations=2 (full 0):
 garbage-first heap   total 393216K, used 7820K [0x00000000c0000000, 0x0000000100000000)
  region size 1024K, 4 young (4096K), 4 survivors (4096K)
 Metaspace       used 15832K, committed 16448K, reserved 1064960K
  class space    used 1615K, committed 1856K, reserved 1048576K
}
Event: 25.505 GC heap before
{Heap before GC invocations=2 (full 0):
 garbage-first heap   total 393216K, used 85644K [0x00000000c0000000, 0x0000000100000000)
  region size 1024K, 80 young (81920K), 4 survivors (4096K)
 Metaspace       used 15853K, committed 16448K, reserved 1064960K
  class space    used 1615K, committed 1856K, reserved 1048576K
}
Event: 25.513 GC heap after
{Heap after GC invocations=3 (full 0):
 garbage-first heap   total 393216K, used 14005K [0x00000000c0000000, 0x0000000100000000)
  region size 1024K, 10 young (10240K), 10 survivors (10240K)
 Metaspace       used 15853K, committed 16448K, reserved 1064960K
  class space    used 1615K, committed 1856K, reserved 1048576K
}

